<?xml version="1.0" encoding="UTF-8"?>
<testsuite xmlns:xsi="http://www.w3.org/2001/XMLSchema-instance" xsi:noNamespaceSchemaLocation="https://maven.apache.org/surefire/maven-surefire-plugin/xsd/surefire-test-report.xsd" name="net.runelite.client.plugins.gpu.ShaderTest" time="0.002" tests="1" errors="0" skipped="1" failures="0">
  <properties>
[...]
</properties>
  <testcase name="testShaders" classname="net.runelite.client.plugins.gpu.ShaderTest" time="0">
    <skipped message="glslang.path is not set"/>
  </testcase>
</testsuite>