<?xml version="1.0" encoding="UTF-8"?>
<testsuite xmlns:xsi="http://www.w3.org/2001/XMLSchema-instance" xsi:noNamespaceSchemaLocation="https://maven.apache.org/surefire/maven-surefire-plugin/xsd/surefire-test-report.xsd" name="net.runelite.api.ExperienceTest" time="0.008" tests="16" errors="0" skipped="0" failures="0">
  <properties>
[...]
</properties>
  <testcase name="testRangeMagicLevelsNeeded" classname="net.runelite.api.ExperienceTest" time="0"/>
  <testcase name="testGetCombatLevel" classname="net.runelite.api.ExperienceTest" time="0"/>
  <testcase name="testNextMagicLevelBarelyReachesNextCombatLevel" classname="net.runelite.api.ExperienceTest" time="0"/>
  <testcase name="testGetXpForLevel" classname="net.runelite.api.ExperienceTest" time="0"/>
  <testcase name="testGetXpForLowLevel" classname="net.runelite.api.ExperienceTest" time="0.004"/>
  <testcase name="testOddPrayerLevelsNeededWhenNearNextCombatLevel" classname="net.runelite.api.ExperienceTest" time="0"/>
  <testcase name="testGetLevelForNegativeXP" classname="net.runelite.api.ExperienceTest" time="0"/>
  <testcase name="testEvenPrayerLevelsNeededWhenNearNextCombatLevel" classname="net.runelite.api.ExperienceTest" time="0"/>
  <testcase name="testPrayerLevelsNeeded" classname="net.runelite.api.ExperienceTest" time="0"/>
  <testcase name="testPlayerBmidNextCombatLevel" classname="net.runelite.api.ExperienceTest" time="0"/>
  <testcase name="testPlayerZezimaNextCombatLevel" classname="net.runelite.api.ExperienceTest" time="0"/>
  <testcase name="testNewPlayerNextCombatLevel" classname="net.runelite.api.ExperienceTest" time="0"/>
  <testcase name="testAll10NextCombatLevel" classname="net.runelite.api.ExperienceTest" time="0"/>
  <testcase name="testPlayerRuneliteNextCombatLevel" classname="net.runelite.api.ExperienceTest" time="0"/>
  <testcase name="testGetXpForHighLevel" classname="net.runelite.api.ExperienceTest" time="0"/>
  <testcase name="testGetLevelForXp" classname="net.runelite.api.ExperienceTest" time="0"/>
</testsuite>